<?xml version="1.0" encoding="utf-8"?><testsuites><testsuite name="pytest" errors="0" failures="0" skipped="2" tests="10" time="0.246" timestamp="2023-08-24T19:29:36.189318" hostname="lucas-ubuntu"><testcase classname="test.test_calculator.TestCalculator" name="test_addition_generic[1-2-3]" time="0.005" /><testcase classname="test.test_calculator.TestCalculator" name="test_addition_generic[1-1-2]" time="0.003" /><testcase classname="test.test_calculator.TestCalculator" name="test_addition_generic[2-3-5]" time="0.003" /><testcase classname="test.test_calculator.TestCalculator" name="test_addition_generic[1-0-1]" time="0.003" /><testcase classname="test.test_calculator.TestCalculator" name="test_addition" time="0.003" /><testcase classname="test.test_calculator.TestCalculator" name="test_addition2" time="0.001"><skipped type="pytest.skip" message="Duplicated test case">/home/lucas/Documents/CIN/demo_pytest/test/test_calculator.py:28: Duplicated test case</skipped></testcase><testcase classname="test.test_calculator.TestCalculator" name="test_subtraction" time="0.002" /><testcase classname="test.test_calculator.TestCalculator" name="test_multiplication" time="0.003" /><testcase classname="test.test_calculator.TestCalculator" name="test_division" time="0.003" /><testcase classname="test.test_calculator.TestCalculator" name="test_division_by_zero" time="0.001"><skipped type="pytest.skip" message="Skipping complex tests">/home/lucas/Documents/CIN/demo_pytest/test/test_calculator.py:44: Skipping complex tests</skipped></testcase></testsuite></testsuites>